Namespace(config='./config/gcn_mlp.yaml', dataset='amazoncomputers', gamma=1.0, hyper_Diff=1.0, output_dir='./ckpts', root='/data/username/dataset/graphdata', runs=1, seed=42)
model config: {'arch_name': 'GCN_MLP', 'architecture': {'num_layers': 2, 'hidden_channels': 32, 'dropout': 0.1, 'batch_norm': False, 'residual': False}, 'optim': 'adam', 'lr': 0.01, 'epochs': 400, 'name': 'GCN_MLP', 'loop': True, 'normalize': True}
GCN_MLP(
  (dropout): Dropout(p=0.1, inplace=False)
  (activation): ReLU()
  (convs): ModuleList()
  (GCN): GCN(
    (dropout): Dropout(p=0.1, inplace=False)
    (activation): ReLU()
    (convs): ModuleList(
      (0): GCNConv(767, 32)
      (1): GCNConv(32, 10)
    )
  )
  (MLP): MLP(
    (dropout): Dropout(p=0.1, inplace=False)
    (activation): ReLU()
    (lins): ModuleList(
      (0): Linear(in_features=767, out_features=32, bias=True)
      (1): Linear(in_features=32, out_features=10, bias=True)
    )
  )
)
mask=torch.Size([13752])
Adding self-loops... Done! [0.00s]
Done! [0.00s]
Adding self-loops... Done! [0.00s]
Done! [0.00s]
training data: Data(adj_t=[3046, 3046, nnz=32418], train_mask=[3046], val_mask=[13752], x=[3046, 767], y=[3046])
whole data: Data(adj_t=[13752, 13752, nnz=505474], test_mask=[13752], train_mask=[13752], val_mask=[13752], x=[13752, 767], y=[13752])
Run: 01, Epoch: 01, Train f1: 11.95%, Valid f1: 12.83% Test f1: 16.57%
Run: 01, Epoch: 02, Train f1: 12.21%, Valid f1: 13.11% Test f1: 17.22%
Run: 01, Epoch: 03, Train f1: 10.83%, Valid f1: 10.88% Test f1: 3.30%
Run: 01, Epoch: 04, Train f1: 11.62%, Valid f1: 11.53% Test f1: 3.39%
Run: 01, Epoch: 05, Train f1: 13.59%, Valid f1: 13.47% Test f1: 4.38%
Run: 01, Epoch: 06, Train f1: 12.02%, Valid f1: 11.96% Test f1: 5.60%
Run: 01, Epoch: 07, Train f1: 14.54%, Valid f1: 15.15% Test f1: 23.47%
Run: 01, Epoch: 08, Train f1: 16.05%, Valid f1: 16.23% Test f1: 46.95%
Run: 01, Epoch: 09, Train f1: 13.53%, Valid f1: 14.43% Test f1: 49.92%
Run: 01, Epoch: 10, Train f1: 13.43%, Valid f1: 14.34% Test f1: 50.68%
Run: 01, Epoch: 11, Train f1: 17.56%, Valid f1: 18.56% Test f1: 52.31%
Run: 01, Epoch: 12, Train f1: 19.73%, Valid f1: 20.76% Test f1: 52.77%
Run: 01, Epoch: 13, Train f1: 26.53%, Valid f1: 27.24% Test f1: 40.34%
Run: 01, Epoch: 14, Train f1: 34.04%, Valid f1: 34.04% Test f1: 43.60%
Run: 01, Epoch: 15, Train f1: 38.97%, Valid f1: 39.51% Test f1: 51.09%
Run: 01, Epoch: 16, Train f1: 36.15%, Valid f1: 36.13% Test f1: 49.31%
Run: 01, Epoch: 17, Train f1: 41.20%, Valid f1: 41.88% Test f1: 60.58%
Run: 01, Epoch: 18, Train f1: 39.69%, Valid f1: 40.13% Test f1: 60.19%
Run: 01, Epoch: 19, Train f1: 29.38%, Valid f1: 29.49% Test f1: 53.49%
Run: 01, Epoch: 20, Train f1: 43.99%, Valid f1: 43.47% Test f1: 58.76%
Run: 01, Epoch: 21, Train f1: 50.00%, Valid f1: 49.92% Test f1: 63.47%
Run: 01, Epoch: 22, Train f1: 51.58%, Valid f1: 50.71% Test f1: 64.45%
Run: 01, Epoch: 23, Train f1: 52.63%, Valid f1: 51.86% Test f1: 64.63%
Run: 01, Epoch: 24, Train f1: 53.64%, Valid f1: 53.49% Test f1: 65.48%
Run: 01, Epoch: 25, Train f1: 53.84%, Valid f1: 53.99% Test f1: 67.12%
Run: 01, Epoch: 26, Train f1: 53.68%, Valid f1: 53.63% Test f1: 67.00%
Run: 01, Epoch: 27, Train f1: 56.01%, Valid f1: 55.05% Test f1: 66.09%
Run: 01, Epoch: 28, Train f1: 59.75%, Valid f1: 58.86% Test f1: 65.86%
Run: 01, Epoch: 29, Train f1: 62.44%, Valid f1: 61.45% Test f1: 66.55%
Run: 01, Epoch: 30, Train f1: 61.69%, Valid f1: 60.87% Test f1: 67.91%
Run: 01, Epoch: 31, Train f1: 61.36%, Valid f1: 60.25% Test f1: 69.14%
Run: 01, Epoch: 32, Train f1: 63.46%, Valid f1: 62.12% Test f1: 69.47%
Run: 01, Epoch: 33, Train f1: 68.38%, Valid f1: 67.27% Test f1: 69.70%
Run: 01, Epoch: 34, Train f1: 70.35%, Valid f1: 69.12% Test f1: 69.82%
Run: 01, Epoch: 35, Train f1: 71.41%, Valid f1: 69.96% Test f1: 71.12%
Run: 01, Epoch: 36, Train f1: 70.62%, Valid f1: 69.07% Test f1: 72.14%
Run: 01, Epoch: 37, Train f1: 71.01%, Valid f1: 70.15% Test f1: 72.98%
Run: 01, Epoch: 38, Train f1: 74.95%, Valid f1: 74.51% Test f1: 74.90%
Run: 01, Epoch: 39, Train f1: 77.48%, Valid f1: 75.55% Test f1: 75.02%
Run: 01, Epoch: 40, Train f1: 76.26%, Valid f1: 74.56% Test f1: 74.93%
Run: 01, Epoch: 41, Train f1: 75.90%, Valid f1: 74.37% Test f1: 75.16%
Run: 01, Epoch: 42, Train f1: 76.92%, Valid f1: 75.67% Test f1: 76.76%
Run: 01, Epoch: 43, Train f1: 77.38%, Valid f1: 77.13% Test f1: 77.83%
Run: 01, Epoch: 44, Train f1: 77.15%, Valid f1: 76.62% Test f1: 77.69%
Run: 01, Epoch: 45, Train f1: 76.13%, Valid f1: 75.43% Test f1: 76.52%
Run: 01, Epoch: 46, Train f1: 77.12%, Valid f1: 76.05% Test f1: 76.73%
Run: 01, Epoch: 47, Train f1: 77.87%, Valid f1: 76.89% Test f1: 77.20%
Run: 01, Epoch: 48, Train f1: 77.94%, Valid f1: 77.20% Test f1: 77.58%
Run: 01, Epoch: 49, Train f1: 77.77%, Valid f1: 77.03% Test f1: 77.64%
Run: 01, Epoch: 50, Train f1: 77.94%, Valid f1: 77.56% Test f1: 78.04%
Run: 01, Epoch: 51, Train f1: 78.86%, Valid f1: 78.64% Test f1: 79.44%
Run: 01, Epoch: 52, Train f1: 78.99%, Valid f1: 78.95% Test f1: 79.60%
Run: 01, Epoch: 53, Train f1: 79.25%, Valid f1: 78.95% Test f1: 78.84%
Run: 01, Epoch: 54, Train f1: 79.48%, Valid f1: 78.76% Test f1: 78.51%
Run: 01, Epoch: 55, Train f1: 80.20%, Valid f1: 79.53% Test f1: 78.78%
Run: 01, Epoch: 56, Train f1: 81.09%, Valid f1: 80.51% Test f1: 79.56%
Run: 01, Epoch: 57, Train f1: 81.39%, Valid f1: 80.84% Test f1: 80.37%
Run: 01, Epoch: 58, Train f1: 80.83%, Valid f1: 80.32% Test f1: 80.55%
Run: 01, Epoch: 59, Train f1: 80.73%, Valid f1: 80.22% Test f1: 80.33%
Run: 01, Epoch: 60, Train f1: 81.22%, Valid f1: 80.75% Test f1: 80.23%
Run: 01, Epoch: 61, Train f1: 81.88%, Valid f1: 81.23% Test f1: 80.20%
Run: 01, Epoch: 62, Train f1: 82.04%, Valid f1: 81.30% Test f1: 80.08%
Run: 01, Epoch: 63, Train f1: 81.71%, Valid f1: 81.08% Test f1: 80.18%
Run: 01, Epoch: 64, Train f1: 82.04%, Valid f1: 81.28% Test f1: 81.13%
Run: 01, Epoch: 65, Train f1: 82.37%, Valid f1: 81.99% Test f1: 81.58%
Run: 01, Epoch: 66, Train f1: 82.27%, Valid f1: 81.87% Test f1: 81.98%
Run: 01, Epoch: 67, Train f1: 82.34%, Valid f1: 81.66% Test f1: 81.34%
Run: 01, Epoch: 68, Train f1: 82.21%, Valid f1: 81.54% Test f1: 80.63%
Run: 01, Epoch: 69, Train f1: 83.06%, Valid f1: 82.02% Test f1: 80.43%
Run: 01, Epoch: 70, Train f1: 83.65%, Valid f1: 82.67% Test f1: 81.01%
Run: 01, Epoch: 71, Train f1: 83.91%, Valid f1: 83.10% Test f1: 81.78%
Run: 01, Epoch: 72, Train f1: 83.75%, Valid f1: 82.81% Test f1: 82.19%
Run: 01, Epoch: 73, Train f1: 83.95%, Valid f1: 82.88% Test f1: 82.08%
Run: 01, Epoch: 74, Train f1: 84.27%, Valid f1: 83.29% Test f1: 82.01%
Run: 01, Epoch: 75, Train f1: 84.24%, Valid f1: 83.51% Test f1: 82.14%
Run: 01, Epoch: 76, Train f1: 84.14%, Valid f1: 83.72% Test f1: 82.03%
Run: 01, Epoch: 77, Train f1: 84.27%, Valid f1: 83.89% Test f1: 82.39%
Run: 01, Epoch: 78, Train f1: 84.31%, Valid f1: 83.51% Test f1: 83.00%
Run: 01, Epoch: 79, Train f1: 84.83%, Valid f1: 83.91% Test f1: 83.16%
Run: 01, Epoch: 80, Train f1: 84.96%, Valid f1: 84.18% Test f1: 83.08%
Run: 01, Epoch: 81, Train f1: 85.13%, Valid f1: 84.32% Test f1: 82.78%
Run: 01, Epoch: 82, Train f1: 84.73%, Valid f1: 84.10% Test f1: 82.84%
Run: 01, Epoch: 83, Train f1: 85.06%, Valid f1: 84.10% Test f1: 83.39%
Run: 01, Epoch: 84, Train f1: 85.55%, Valid f1: 84.80% Test f1: 83.78%
Run: 01, Epoch: 85, Train f1: 86.01%, Valid f1: 85.06% Test f1: 83.65%
Run: 01, Epoch: 86, Train f1: 86.08%, Valid f1: 85.16% Test f1: 83.53%
Run: 01, Epoch: 87, Train f1: 85.75%, Valid f1: 84.90% Test f1: 83.90%
Run: 01, Epoch: 88, Train f1: 85.82%, Valid f1: 84.90% Test f1: 84.65%
Run: 01, Epoch: 89, Train f1: 85.95%, Valid f1: 85.09% Test f1: 84.25%
Run: 01, Epoch: 90, Train f1: 86.01%, Valid f1: 84.85% Test f1: 83.49%
Run: 01, Epoch: 91, Train f1: 85.88%, Valid f1: 85.02% Test f1: 83.38%
Run: 01, Epoch: 92, Train f1: 86.41%, Valid f1: 85.57% Test f1: 84.35%
Run: 01, Epoch: 93, Train f1: 86.51%, Valid f1: 85.40% Test f1: 85.16%
Run: 01, Epoch: 94, Train f1: 86.34%, Valid f1: 84.99% Test f1: 85.60%
Run: 01, Epoch: 95, Train f1: 86.38%, Valid f1: 85.04% Test f1: 85.52%
Run: 01, Epoch: 96, Train f1: 86.67%, Valid f1: 85.76% Test f1: 85.22%
Run: 01, Epoch: 97, Train f1: 86.57%, Valid f1: 85.71% Test f1: 84.79%
Run: 01, Epoch: 98, Train f1: 85.85%, Valid f1: 84.94% Test f1: 84.65%
Run: 01, Epoch: 99, Train f1: 86.51%, Valid f1: 85.45% Test f1: 85.47%
Run: 01, Epoch: 100, Train f1: 86.15%, Valid f1: 85.21% Test f1: 84.97%
Run: 01, Epoch: 101, Train f1: 87.03%, Valid f1: 85.90% Test f1: 84.91%
Run: 01, Epoch: 102, Train f1: 86.08%, Valid f1: 84.92% Test f1: 84.45%
Run: 01, Epoch: 103, Train f1: 87.10%, Valid f1: 86.02% Test f1: 85.60%
Run: 01, Epoch: 104, Train f1: 86.64%, Valid f1: 85.69% Test f1: 85.92%
Run: 01, Epoch: 105, Train f1: 87.23%, Valid f1: 86.02% Test f1: 85.73%
Run: 01, Epoch: 106, Train f1: 86.41%, Valid f1: 85.16% Test f1: 85.07%
Run: 01, Epoch: 107, Train f1: 87.33%, Valid f1: 86.24% Test f1: 85.53%
Run: 01, Epoch: 108, Train f1: 87.00%, Valid f1: 85.83% Test f1: 85.02%
Run: 01, Epoch: 109, Train f1: 87.33%, Valid f1: 86.07% Test f1: 85.19%
Run: 01, Epoch: 110, Train f1: 86.64%, Valid f1: 85.57% Test f1: 85.26%
Run: 01, Epoch: 111, Train f1: 87.46%, Valid f1: 86.31% Test f1: 85.88%
Run: 01, Epoch: 112, Train f1: 87.23%, Valid f1: 86.14% Test f1: 85.80%
Run: 01, Epoch: 113, Train f1: 87.29%, Valid f1: 86.17% Test f1: 86.01%
Run: 01, Epoch: 114, Train f1: 86.80%, Valid f1: 85.47% Test f1: 85.67%
Run: 01, Epoch: 115, Train f1: 87.56%, Valid f1: 86.33% Test f1: 86.01%
Run: 01, Epoch: 116, Train f1: 87.13%, Valid f1: 85.69% Test f1: 86.02%
Run: 01, Epoch: 117, Train f1: 87.62%, Valid f1: 86.21% Test f1: 85.96%
Run: 01, Epoch: 118, Train f1: 87.03%, Valid f1: 85.78% Test f1: 85.50%
Run: 01, Epoch: 119, Train f1: 87.79%, Valid f1: 86.41% Test f1: 85.83%
Run: 01, Epoch: 120, Train f1: 87.66%, Valid f1: 86.38% Test f1: 85.83%
Run: 01, Epoch: 121, Train f1: 87.85%, Valid f1: 86.77% Test f1: 86.52%
Run: 01, Epoch: 122, Train f1: 86.84%, Valid f1: 85.78% Test f1: 86.13%
Run: 01, Epoch: 123, Train f1: 87.26%, Valid f1: 86.26% Test f1: 86.72%
Run: 01, Epoch: 124, Train f1: 87.85%, Valid f1: 86.53% Test f1: 86.10%
Run: 01, Epoch: 125, Train f1: 87.95%, Valid f1: 86.65% Test f1: 85.12%
Run: 01, Epoch: 126, Train f1: 88.21%, Valid f1: 86.62% Test f1: 85.56%
Run: 01, Epoch: 127, Train f1: 87.49%, Valid f1: 86.33% Test f1: 86.51%
Run: 01, Epoch: 128, Train f1: 87.43%, Valid f1: 86.38% Test f1: 87.12%
Run: 01, Epoch: 129, Train f1: 87.75%, Valid f1: 86.62% Test f1: 87.11%
Run: 01, Epoch: 130, Train f1: 88.08%, Valid f1: 86.91% Test f1: 86.43%
Run: 01, Epoch: 131, Train f1: 88.38%, Valid f1: 86.96% Test f1: 85.96%
Run: 01, Epoch: 132, Train f1: 88.18%, Valid f1: 86.65% Test f1: 86.61%
Run: 01, Epoch: 133, Train f1: 88.08%, Valid f1: 86.48% Test f1: 86.64%
Run: 01, Epoch: 134, Train f1: 87.79%, Valid f1: 86.48% Test f1: 86.17%
Run: 01, Epoch: 135, Train f1: 88.28%, Valid f1: 86.77% Test f1: 86.27%
Run: 01, Epoch: 136, Train f1: 88.21%, Valid f1: 86.91% Test f1: 86.67%
Run: 01, Epoch: 137, Train f1: 88.25%, Valid f1: 86.98% Test f1: 87.36%
Run: 01, Epoch: 138, Train f1: 88.21%, Valid f1: 86.89% Test f1: 87.14%
Run: 01, Epoch: 139, Train f1: 88.58%, Valid f1: 87.17% Test f1: 86.59%
Run: 01, Epoch: 140, Train f1: 88.71%, Valid f1: 87.34% Test f1: 86.76%
Run: 01, Epoch: 141, Train f1: 88.44%, Valid f1: 87.03% Test f1: 86.99%
Run: 01, Epoch: 142, Train f1: 88.31%, Valid f1: 86.81% Test f1: 87.26%
Run: 01, Epoch: 143, Train f1: 87.95%, Valid f1: 86.74% Test f1: 87.07%
Run: 01, Epoch: 144, Train f1: 88.48%, Valid f1: 87.13% Test f1: 87.04%
Run: 01, Epoch: 145, Train f1: 88.67%, Valid f1: 87.20% Test f1: 86.91%
Run: 01, Epoch: 146, Train f1: 88.74%, Valid f1: 87.25% Test f1: 87.23%
Run: 01, Epoch: 147, Train f1: 88.05%, Valid f1: 86.69% Test f1: 86.81%
Run: 01, Epoch: 148, Train f1: 87.92%, Valid f1: 86.67% Test f1: 86.83%
Run: 01, Epoch: 149, Train f1: 88.64%, Valid f1: 86.98% Test f1: 87.36%
Run: 01, Epoch: 150, Train f1: 88.64%, Valid f1: 86.96% Test f1: 86.62%
Run: 01, Epoch: 151, Train f1: 88.41%, Valid f1: 87.10% Test f1: 86.58%
Run: 01, Epoch: 152, Train f1: 87.92%, Valid f1: 86.65% Test f1: 87.27%
Run: 01, Epoch: 153, Train f1: 87.98%, Valid f1: 86.53% Test f1: 87.83%
Run: 01, Epoch: 154, Train f1: 88.71%, Valid f1: 87.32% Test f1: 87.39%
Run: 01, Epoch: 155, Train f1: 89.26%, Valid f1: 87.72% Test f1: 86.34%
Run: 01, Epoch: 156, Train f1: 88.61%, Valid f1: 87.39% Test f1: 87.01%
Run: 01, Epoch: 157, Train f1: 88.31%, Valid f1: 86.84% Test f1: 87.85%
Run: 01, Epoch: 158, Train f1: 87.52%, Valid f1: 86.45% Test f1: 88.00%
Run: 01, Epoch: 159, Train f1: 88.77%, Valid f1: 87.37% Test f1: 86.82%
Run: 01, Epoch: 160, Train f1: 89.07%, Valid f1: 87.49% Test f1: 85.90%
Run: 01, Epoch: 161, Train f1: 88.71%, Valid f1: 87.08% Test f1: 87.23%
Run: 01, Epoch: 162, Train f1: 88.21%, Valid f1: 86.96% Test f1: 87.47%
Run: 01, Epoch: 163, Train f1: 88.67%, Valid f1: 87.10% Test f1: 87.09%
Run: 01, Epoch: 164, Train f1: 89.03%, Valid f1: 87.68% Test f1: 87.14%
Run: 01, Epoch: 165, Train f1: 89.30%, Valid f1: 87.84% Test f1: 87.19%
Run: 01, Epoch: 166, Train f1: 88.87%, Valid f1: 87.44% Test f1: 87.67%
Run: 01, Epoch: 167, Train f1: 88.21%, Valid f1: 86.74% Test f1: 87.48%
Run: 01, Epoch: 168, Train f1: 88.05%, Valid f1: 86.77% Test f1: 87.52%
Run: 01, Epoch: 169, Train f1: 88.84%, Valid f1: 87.27% Test f1: 87.67%
Run: 01, Epoch: 170, Train f1: 89.33%, Valid f1: 87.49% Test f1: 86.72%
Run: 01, Epoch: 171, Train f1: 89.00%, Valid f1: 87.58% Test f1: 86.83%
Run: 01, Epoch: 172, Train f1: 88.71%, Valid f1: 87.20% Test f1: 87.85%
Run: 01, Epoch: 173, Train f1: 88.64%, Valid f1: 87.17% Test f1: 87.92%
Run: 01, Epoch: 174, Train f1: 88.74%, Valid f1: 87.15% Test f1: 87.45%
Run: 01, Epoch: 175, Train f1: 89.20%, Valid f1: 87.56% Test f1: 87.07%
Run: 01, Epoch: 176, Train f1: 88.94%, Valid f1: 87.39% Test f1: 87.67%
Run: 01, Epoch: 177, Train f1: 88.64%, Valid f1: 87.20% Test f1: 87.74%
Run: 01, Epoch: 178, Train f1: 88.12%, Valid f1: 86.65% Test f1: 87.21%
Run: 01, Epoch: 179, Train f1: 88.84%, Valid f1: 87.25% Test f1: 87.27%
Run: 01, Epoch: 180, Train f1: 89.43%, Valid f1: 87.49% Test f1: 87.13%
Run: 01, Epoch: 181, Train f1: 89.10%, Valid f1: 87.68% Test f1: 87.63%
Run: 01, Epoch: 182, Train f1: 88.64%, Valid f1: 87.13% Test f1: 87.29%
Run: 01, Epoch: 183, Train f1: 88.54%, Valid f1: 87.10% Test f1: 87.80%
Run: 01, Epoch: 184, Train f1: 88.71%, Valid f1: 87.32% Test f1: 88.18%
Run: 01, Epoch: 185, Train f1: 89.30%, Valid f1: 87.92% Test f1: 86.78%
Run: 01, Epoch: 186, Train f1: 89.23%, Valid f1: 87.65% Test f1: 86.73%
Run: 01, Epoch: 187, Train f1: 88.67%, Valid f1: 87.08% Test f1: 88.27%
Run: 01, Epoch: 188, Train f1: 88.77%, Valid f1: 87.32% Test f1: 87.89%
Run: 01, Epoch: 189, Train f1: 89.40%, Valid f1: 87.92% Test f1: 87.44%
Run: 01, Epoch: 190, Train f1: 89.49%, Valid f1: 87.96% Test f1: 87.52%
Run: 01, Epoch: 191, Train f1: 89.00%, Valid f1: 87.51% Test f1: 88.08%
Run: 01, Epoch: 192, Train f1: 88.58%, Valid f1: 86.98% Test f1: 87.59%
Run: 01, Epoch: 193, Train f1: 88.87%, Valid f1: 87.27% Test f1: 87.42%
Run: 01, Epoch: 194, Train f1: 89.20%, Valid f1: 87.58% Test f1: 87.67%
Run: 01, Epoch: 195, Train f1: 89.20%, Valid f1: 87.65% Test f1: 87.95%
Run: 01, Epoch: 196, Train f1: 89.33%, Valid f1: 87.80% Test f1: 88.02%
Run: 01, Epoch: 197, Train f1: 89.63%, Valid f1: 87.94% Test f1: 87.54%
Run: 01, Epoch: 198, Train f1: 89.40%, Valid f1: 87.87% Test f1: 88.03%
Run: 01, Epoch: 199, Train f1: 89.40%, Valid f1: 87.60% Test f1: 87.83%
Run: 01, Epoch: 200, Train f1: 89.36%, Valid f1: 87.51% Test f1: 87.62%
Run: 01, Epoch: 201, Train f1: 89.43%, Valid f1: 87.80% Test f1: 87.62%
Run: 01, Epoch: 202, Train f1: 89.40%, Valid f1: 87.84% Test f1: 88.07%
Run: 01, Epoch: 203, Train f1: 89.30%, Valid f1: 87.94% Test f1: 87.92%
Run: 01, Epoch: 204, Train f1: 89.26%, Valid f1: 87.72% Test f1: 87.83%
Run: 01, Epoch: 205, Train f1: 89.13%, Valid f1: 87.68% Test f1: 87.95%
Run: 01, Epoch: 206, Train f1: 89.07%, Valid f1: 87.46% Test f1: 87.60%
Run: 01, Epoch: 207, Train f1: 89.10%, Valid f1: 87.68% Test f1: 87.82%
Run: 01, Epoch: 208, Train f1: 88.97%, Valid f1: 87.63% Test f1: 87.92%
Run: 01, Epoch: 209, Train f1: 89.03%, Valid f1: 87.63% Test f1: 88.22%
Run: 01, Epoch: 210, Train f1: 88.87%, Valid f1: 87.34% Test f1: 87.63%
Run: 01, Epoch: 211, Train f1: 88.58%, Valid f1: 87.13% Test f1: 87.58%
Run: 01, Epoch: 212, Train f1: 88.67%, Valid f1: 87.29% Test f1: 88.50%
Run: 01, Epoch: 213, Train f1: 89.30%, Valid f1: 87.72% Test f1: 87.70%
Run: 01, Epoch: 214, Train f1: 89.33%, Valid f1: 87.63% Test f1: 87.28%
Run: 01, Epoch: 215, Train f1: 88.58%, Valid f1: 87.27% Test f1: 88.38%
Run: 01, Epoch: 216, Train f1: 88.94%, Valid f1: 87.70% Test f1: 88.29%
Run: 01, Epoch: 217, Train f1: 89.49%, Valid f1: 87.94% Test f1: 87.37%
Run: 01, Epoch: 218, Train f1: 89.92%, Valid f1: 88.13% Test f1: 87.17%
Run: 01, Epoch: 219, Train f1: 89.03%, Valid f1: 87.72% Test f1: 88.37%
Run: 01, Epoch: 220, Train f1: 88.67%, Valid f1: 87.22% Test f1: 87.80%
Run: 01, Epoch: 221, Train f1: 89.76%, Valid f1: 88.08% Test f1: 87.59%
Run: 01, Epoch: 222, Train f1: 89.89%, Valid f1: 88.40% Test f1: 87.42%
Run: 01, Epoch: 223, Train f1: 89.86%, Valid f1: 88.08% Test f1: 87.84%
Run: 01, Epoch: 224, Train f1: 89.26%, Valid f1: 87.60% Test f1: 88.04%
Run: 01, Epoch: 225, Train f1: 89.49%, Valid f1: 87.89% Test f1: 87.90%
Run: 01, Epoch: 226, Train f1: 90.02%, Valid f1: 88.30% Test f1: 87.18%
Run: 01, Epoch: 227, Train f1: 89.89%, Valid f1: 88.18% Test f1: 87.47%
Run: 01, Epoch: 228, Train f1: 89.23%, Valid f1: 87.77% Test f1: 88.25%
Run: 01, Epoch: 229, Train f1: 89.26%, Valid f1: 88.06% Test f1: 88.44%
Run: 01, Epoch: 230, Train f1: 90.12%, Valid f1: 88.61% Test f1: 87.52%
Run: 01, Epoch: 231, Train f1: 89.89%, Valid f1: 88.37% Test f1: 87.84%
Run: 01, Epoch: 232, Train f1: 89.07%, Valid f1: 87.58% Test f1: 88.59%
Run: 01, Epoch: 233, Train f1: 88.61%, Valid f1: 87.05% Test f1: 87.82%
Run: 01, Epoch: 234, Train f1: 89.43%, Valid f1: 87.63% Test f1: 87.19%
Run: 01, Epoch: 235, Train f1: 90.28%, Valid f1: 88.32% Test f1: 87.29%
Run: 01, Epoch: 236, Train f1: 89.89%, Valid f1: 88.40% Test f1: 88.02%
Run: 01, Epoch: 237, Train f1: 88.64%, Valid f1: 86.84% Test f1: 87.33%
Run: 01, Epoch: 238, Train f1: 88.80%, Valid f1: 87.15% Test f1: 88.03%
Run: 01, Epoch: 239, Train f1: 88.94%, Valid f1: 87.39% Test f1: 88.33%
Run: 01, Epoch: 240, Train f1: 89.63%, Valid f1: 87.60% Test f1: 85.93%
Run: 01, Epoch: 241, Train f1: 89.86%, Valid f1: 87.96% Test f1: 87.28%
Run: 01, Epoch: 242, Train f1: 88.12%, Valid f1: 86.74% Test f1: 88.60%
Run: 01, Epoch: 243, Train f1: 89.40%, Valid f1: 87.94% Test f1: 88.29%
Run: 01, Epoch: 244, Train f1: 89.92%, Valid f1: 87.68% Test f1: 85.93%
Run: 01, Epoch: 245, Train f1: 89.86%, Valid f1: 88.28% Test f1: 87.72%
Run: 01, Epoch: 246, Train f1: 88.05%, Valid f1: 86.84% Test f1: 88.60%
Run: 01, Epoch: 247, Train f1: 88.90%, Valid f1: 87.05% Test f1: 87.23%
Run: 01, Epoch: 248, Train f1: 89.36%, Valid f1: 87.60% Test f1: 87.21%
Run: 01, Epoch: 249, Train f1: 88.97%, Valid f1: 87.51% Test f1: 88.18%
Run: 01, Epoch: 250, Train f1: 90.02%, Valid f1: 88.25% Test f1: 87.62%
Run: 01, Epoch: 251, Train f1: 89.26%, Valid f1: 87.65% Test f1: 87.02%
Run: 01, Epoch: 252, Train f1: 89.10%, Valid f1: 87.53% Test f1: 88.40%
Run: 01, Epoch: 253, Train f1: 88.80%, Valid f1: 87.70% Test f1: 88.61%
Run: 01, Epoch: 254, Train f1: 90.12%, Valid f1: 88.18% Test f1: 87.47%
Run: 01, Epoch: 255, Train f1: 90.02%, Valid f1: 88.25% Test f1: 87.73%
Run: 01, Epoch: 256, Train f1: 89.43%, Valid f1: 87.99% Test f1: 88.45%
Run: 01, Epoch: 257, Train f1: 88.90%, Valid f1: 87.44% Test f1: 88.51%
Run: 01, Epoch: 258, Train f1: 89.56%, Valid f1: 88.16% Test f1: 88.13%
Run: 01, Epoch: 259, Train f1: 90.09%, Valid f1: 88.35% Test f1: 87.74%
Run: 01, Epoch: 260, Train f1: 89.89%, Valid f1: 88.44% Test f1: 88.27%
Run: 01, Epoch: 261, Train f1: 89.13%, Valid f1: 87.84% Test f1: 88.68%
Run: 01, Epoch: 262, Train f1: 88.94%, Valid f1: 87.39% Test f1: 87.79%
Run: 01, Epoch: 263, Train f1: 89.53%, Valid f1: 87.84% Test f1: 87.90%
Run: 01, Epoch: 264, Train f1: 90.15%, Valid f1: 88.47% Test f1: 88.03%
Run: 01, Epoch: 265, Train f1: 89.79%, Valid f1: 88.18% Test f1: 87.94%
Run: 01, Epoch: 266, Train f1: 89.46%, Valid f1: 88.13% Test f1: 88.59%
Run: 01, Epoch: 267, Train f1: 89.23%, Valid f1: 87.89% Test f1: 88.66%
Run: 01, Epoch: 268, Train f1: 89.79%, Valid f1: 88.47% Test f1: 88.51%
Run: 01, Epoch: 269, Train f1: 90.18%, Valid f1: 88.59% Test f1: 88.34%
Run: 01, Epoch: 270, Train f1: 90.32%, Valid f1: 88.42% Test f1: 87.65%
Run: 01, Epoch: 271, Train f1: 89.79%, Valid f1: 88.40% Test f1: 88.42%
Run: 01, Epoch: 272, Train f1: 89.46%, Valid f1: 88.13% Test f1: 88.58%
Run: 01, Epoch: 273, Train f1: 89.79%, Valid f1: 88.44% Test f1: 88.51%
Run: 01, Epoch: 274, Train f1: 90.02%, Valid f1: 88.71% Test f1: 88.42%
Run: 01, Epoch: 275, Train f1: 89.86%, Valid f1: 88.44% Test f1: 88.51%
Run: 01, Epoch: 276, Train f1: 89.63%, Valid f1: 88.32% Test f1: 88.45%
Run: 01, Epoch: 277, Train f1: 90.12%, Valid f1: 88.64% Test f1: 88.39%
Run: 01, Epoch: 278, Train f1: 90.32%, Valid f1: 88.44% Test f1: 88.09%
Run: 01, Epoch: 279, Train f1: 89.23%, Valid f1: 87.56% Test f1: 87.93%
Run: 01, Epoch: 280, Train f1: 88.94%, Valid f1: 87.58% Test f1: 88.76%
Run: 01, Epoch: 281, Train f1: 89.69%, Valid f1: 88.16% Test f1: 88.40%
Run: 01, Epoch: 282, Train f1: 90.28%, Valid f1: 88.40% Test f1: 87.74%
Run: 01, Epoch: 283, Train f1: 90.28%, Valid f1: 88.47% Test f1: 88.09%
Run: 01, Epoch: 284, Train f1: 89.79%, Valid f1: 88.20% Test f1: 88.58%
Run: 01, Epoch: 285, Train f1: 90.18%, Valid f1: 88.35% Test f1: 88.28%
Run: 01, Epoch: 286, Train f1: 90.02%, Valid f1: 88.37% Test f1: 88.42%
Run: 01, Epoch: 287, Train f1: 89.99%, Valid f1: 88.68% Test f1: 88.59%
Run: 01, Epoch: 288, Train f1: 89.72%, Valid f1: 88.40% Test f1: 88.55%
Run: 01, Epoch: 289, Train f1: 89.89%, Valid f1: 88.42% Test f1: 88.51%
Run: 01, Epoch: 290, Train f1: 90.18%, Valid f1: 88.30% Test f1: 88.02%
Run: 01, Epoch: 291, Train f1: 90.15%, Valid f1: 88.47% Test f1: 88.49%
Run: 01, Epoch: 292, Train f1: 89.92%, Valid f1: 88.37% Test f1: 88.56%
Run: 01, Epoch: 293, Train f1: 90.02%, Valid f1: 88.11% Test f1: 87.54%
Run: 01, Epoch: 294, Train f1: 90.35%, Valid f1: 88.40% Test f1: 88.04%
Run: 01, Epoch: 295, Train f1: 89.46%, Valid f1: 87.99% Test f1: 88.65%
Run: 01, Epoch: 296, Train f1: 89.49%, Valid f1: 87.99% Test f1: 88.78%
Run: 01, Epoch: 297, Train f1: 89.79%, Valid f1: 87.82% Test f1: 87.80%
Run: 01, Epoch: 298, Train f1: 90.25%, Valid f1: 88.66% Test f1: 88.35%
Run: 01, Epoch: 299, Train f1: 89.95%, Valid f1: 88.20% Test f1: 88.14%
Run: 01, Epoch: 300, Train f1: 90.28%, Valid f1: 88.28% Test f1: 87.65%
Run: 01, Epoch: 301, Train f1: 89.69%, Valid f1: 87.77% Test f1: 87.77%
Run: 01, Epoch: 302, Train f1: 88.80%, Valid f1: 87.39% Test f1: 88.84%
Run: 01, Epoch: 303, Train f1: 90.41%, Valid f1: 88.61% Test f1: 88.02%
Run: 01, Epoch: 304, Train f1: 90.18%, Valid f1: 88.47% Test f1: 88.34%
Run: 01, Epoch: 305, Train f1: 89.43%, Valid f1: 87.87% Test f1: 88.83%
Run: 01, Epoch: 306, Train f1: 89.72%, Valid f1: 88.30% Test f1: 88.76%
Run: 01, Epoch: 307, Train f1: 90.22%, Valid f1: 88.08% Test f1: 87.31%
Run: 01, Epoch: 308, Train f1: 90.22%, Valid f1: 88.56% Test f1: 88.39%
Run: 01, Epoch: 309, Train f1: 89.33%, Valid f1: 87.80% Test f1: 88.78%
Run: 01, Epoch: 310, Train f1: 89.00%, Valid f1: 87.25% Test f1: 87.85%
Run: 01, Epoch: 311, Train f1: 90.25%, Valid f1: 88.42% Test f1: 88.17%
Run: 01, Epoch: 312, Train f1: 89.53%, Valid f1: 87.80% Test f1: 88.10%
Run: 01, Epoch: 313, Train f1: 90.05%, Valid f1: 88.32% Test f1: 87.97%
Run: 01, Epoch: 314, Train f1: 89.17%, Valid f1: 87.34% Test f1: 87.54%
Run: 01, Epoch: 315, Train f1: 89.10%, Valid f1: 87.49% Test f1: 88.83%
Run: 01, Epoch: 316, Train f1: 89.79%, Valid f1: 88.16% Test f1: 88.54%
Run: 01, Epoch: 317, Train f1: 89.53%, Valid f1: 87.58% Test f1: 86.63%
Run: 01, Epoch: 318, Train f1: 90.18%, Valid f1: 88.42% Test f1: 88.25%
Run: 01, Epoch: 319, Train f1: 87.66%, Valid f1: 86.21% Test f1: 88.69%
Run: 01, Epoch: 320, Train f1: 89.76%, Valid f1: 87.94% Test f1: 87.77%
Run: 01, Epoch: 321, Train f1: 90.15%, Valid f1: 87.92% Test f1: 86.20%
Run: 01, Epoch: 322, Train f1: 89.86%, Valid f1: 88.30% Test f1: 88.51%
Run: 01, Epoch: 323, Train f1: 89.30%, Valid f1: 87.77% Test f1: 88.71%
Run: 01, Epoch: 324, Train f1: 89.56%, Valid f1: 87.84% Test f1: 87.70%
Run: 01, Epoch: 325, Train f1: 90.38%, Valid f1: 88.52% Test f1: 88.02%
Run: 01, Epoch: 326, Train f1: 89.89%, Valid f1: 88.11% Test f1: 88.37%
Run: 01, Epoch: 327, Train f1: 89.33%, Valid f1: 87.68% Test f1: 88.20%
Run: 01, Epoch: 328, Train f1: 89.36%, Valid f1: 87.56% Test f1: 87.72%
Run: 01, Epoch: 329, Train f1: 90.68%, Valid f1: 89.02% Test f1: 88.09%
Run: 01, Epoch: 330, Train f1: 90.02%, Valid f1: 88.42% Test f1: 88.09%
Run: 01, Epoch: 331, Train f1: 90.28%, Valid f1: 88.25% Test f1: 87.87%
Run: 01, Epoch: 332, Train f1: 89.33%, Valid f1: 87.56% Test f1: 88.05%
Run: 01, Epoch: 333, Train f1: 88.54%, Valid f1: 87.20% Test f1: 88.89%
Run: 01, Epoch: 334, Train f1: 90.25%, Valid f1: 88.40% Test f1: 88.02%
Run: 01, Epoch: 335, Train f1: 90.18%, Valid f1: 88.30% Test f1: 87.70%
Run: 01, Epoch: 336, Train f1: 89.20%, Valid f1: 87.53% Test f1: 88.76%
Run: 01, Epoch: 337, Train f1: 88.71%, Valid f1: 87.17% Test f1: 88.88%
Run: 01, Epoch: 338, Train f1: 89.79%, Valid f1: 87.68% Test f1: 86.74%
Run: 01, Epoch: 339, Train f1: 90.38%, Valid f1: 88.73% Test f1: 88.27%
Run: 01, Epoch: 340, Train f1: 87.49%, Valid f1: 86.21% Test f1: 88.75%
Run: 01, Epoch: 341, Train f1: 89.63%, Valid f1: 87.53% Test f1: 86.61%
Run: 01, Epoch: 342, Train f1: 89.49%, Valid f1: 87.41% Test f1: 87.13%
Run: 01, Epoch: 343, Train f1: 88.77%, Valid f1: 87.25% Test f1: 88.65%
Run: 01, Epoch: 344, Train f1: 90.32%, Valid f1: 88.37% Test f1: 88.09%
Run: 01, Epoch: 345, Train f1: 90.35%, Valid f1: 88.30% Test f1: 86.39%
Run: 01, Epoch: 346, Train f1: 89.33%, Valid f1: 87.87% Test f1: 88.08%
Run: 01, Epoch: 347, Train f1: 88.18%, Valid f1: 86.60% Test f1: 89.04%
Run: 01, Epoch: 348, Train f1: 90.74%, Valid f1: 89.12% Test f1: 88.68%
Run: 01, Epoch: 349, Train f1: 90.48%, Valid f1: 88.64% Test f1: 86.61%
Run: 01, Epoch: 350, Train f1: 90.58%, Valid f1: 88.83% Test f1: 88.64%
Run: 01, Epoch: 351, Train f1: 89.03%, Valid f1: 87.34% Test f1: 88.55%
Run: 01, Epoch: 352, Train f1: 89.43%, Valid f1: 87.51% Test f1: 87.42%
Run: 01, Epoch: 353, Train f1: 89.86%, Valid f1: 87.89% Test f1: 87.55%
Run: 01, Epoch: 354, Train f1: 89.63%, Valid f1: 87.82% Test f1: 88.38%
Run: 01, Epoch: 355, Train f1: 89.89%, Valid f1: 88.25% Test f1: 88.73%
Run: 01, Epoch: 356, Train f1: 89.76%, Valid f1: 87.96% Test f1: 87.93%
Run: 01, Epoch: 357, Train f1: 90.09%, Valid f1: 88.25% Test f1: 88.04%
Run: 01, Epoch: 358, Train f1: 90.48%, Valid f1: 88.54% Test f1: 88.03%
Run: 01, Epoch: 359, Train f1: 90.58%, Valid f1: 88.56% Test f1: 88.04%
Run: 01, Epoch: 360, Train f1: 89.53%, Valid f1: 87.92% Test f1: 88.33%
Run: 01, Epoch: 361, Train f1: 88.87%, Valid f1: 87.41% Test f1: 88.51%
Run: 01, Epoch: 362, Train f1: 89.86%, Valid f1: 88.25% Test f1: 88.68%
Run: 01, Epoch: 363, Train f1: 90.91%, Valid f1: 89.26% Test f1: 87.92%
Run: 01, Epoch: 364, Train f1: 90.91%, Valid f1: 88.90% Test f1: 88.23%
Run: 01, Epoch: 365, Train f1: 89.30%, Valid f1: 87.77% Test f1: 88.58%
Run: 01, Epoch: 366, Train f1: 89.49%, Valid f1: 87.99% Test f1: 88.55%
Run: 01, Epoch: 367, Train f1: 90.84%, Valid f1: 89.04% Test f1: 88.33%
Run: 01, Epoch: 368, Train f1: 90.87%, Valid f1: 89.07% Test f1: 88.27%
Run: 01, Epoch: 369, Train f1: 89.72%, Valid f1: 88.11% Test f1: 88.73%
Run: 01, Epoch: 370, Train f1: 89.03%, Valid f1: 87.49% Test f1: 88.24%
Run: 01, Epoch: 371, Train f1: 90.32%, Valid f1: 88.32% Test f1: 88.55%
Run: 01, Epoch: 372, Train f1: 90.48%, Valid f1: 88.80% Test f1: 87.89%
Run: 01, Epoch: 373, Train f1: 90.51%, Valid f1: 88.49% Test f1: 88.18%
Run: 01, Epoch: 374, Train f1: 89.79%, Valid f1: 88.11% Test f1: 88.55%
Run: 01, Epoch: 375, Train f1: 89.56%, Valid f1: 87.84% Test f1: 88.76%
Run: 01, Epoch: 376, Train f1: 90.54%, Valid f1: 88.73% Test f1: 88.58%
Run: 01, Epoch: 377, Train f1: 90.81%, Valid f1: 89.09% Test f1: 88.44%
Run: 01, Epoch: 378, Train f1: 89.99%, Valid f1: 88.20% Test f1: 88.83%
Run: 01, Epoch: 379, Train f1: 89.36%, Valid f1: 87.80% Test f1: 88.86%
Run: 01, Epoch: 380, Train f1: 90.48%, Valid f1: 88.64% Test f1: 88.59%
Run: 01, Epoch: 381, Train f1: 90.64%, Valid f1: 88.80% Test f1: 88.33%
Run: 01, Epoch: 382, Train f1: 90.38%, Valid f1: 88.44% Test f1: 88.55%
Run: 01, Epoch: 383, Train f1: 90.15%, Valid f1: 88.28% Test f1: 88.75%
Run: 01, Epoch: 384, Train f1: 89.63%, Valid f1: 88.04% Test f1: 88.76%
Run: 01, Epoch: 385, Train f1: 90.45%, Valid f1: 88.80% Test f1: 88.84%
Run: 01, Epoch: 386, Train f1: 90.94%, Valid f1: 89.43% Test f1: 88.44%
Run: 01, Epoch: 387, Train f1: 90.54%, Valid f1: 88.83% Test f1: 88.58%
Run: 01, Epoch: 388, Train f1: 90.18%, Valid f1: 88.40% Test f1: 88.61%
Run: 01, Epoch: 389, Train f1: 90.32%, Valid f1: 88.32% Test f1: 88.59%
Run: 01, Epoch: 390, Train f1: 89.92%, Valid f1: 88.11% Test f1: 88.39%
Run: 01, Epoch: 391, Train f1: 90.77%, Valid f1: 88.80% Test f1: 88.23%
Run: 01, Epoch: 392, Train f1: 90.02%, Valid f1: 88.35% Test f1: 88.20%
Run: 01, Epoch: 393, Train f1: 88.25%, Valid f1: 86.60% Test f1: 89.16%
Run: 01, Epoch: 394, Train f1: 90.18%, Valid f1: 88.16% Test f1: 87.93%
Run: 01, Epoch: 395, Train f1: 90.87%, Valid f1: 89.16% Test f1: 88.40%
Run: 01, Epoch: 396, Train f1: 89.56%, Valid f1: 87.89% Test f1: 88.58%
Run: 01, Epoch: 397, Train f1: 89.79%, Valid f1: 87.65% Test f1: 87.78%
Run: 01, Epoch: 398, Train f1: 90.35%, Valid f1: 88.13% Test f1: 88.32%
Run: 01, Epoch: 399, Train f1: 89.99%, Valid f1: 88.18% Test f1: 88.39%
Run: 01, Epoch: 400, Train f1: 90.54%, Valid f1: 88.73% Test f1: 88.65%
Run 01:
Highest Train: 90.94
Highest Valid: 89.43
  Final Train: 90.94
   Final Test: 88.44
All runs:
Highest Train: 90.94 ± nan
Highest Valid: 89.43 ± nan
  Final Train: 90.94 ± nan
   Final Test: 88.44 ± nan
